-- Downloading https://github.com/glennrp/libpng/archive/v1.6.43.tar.gz -> glennrp-libpng-v1.6.43.tar.gz...
-- Extracting source C:/Users/Ian/AppData/Local/vcpkg/downloads/glennrp-libpng-v1.6.43.tar.gz
-- Applying patch cmake.patch
-- Applying patch fix-export-targets.patch
-- Applying patch libm.patch
-- Applying patch pkgconfig.patch
-- Applying patch fix-msa-support-for-mips.patch
-- Using source at C:/Users/Ian/source/repos/CameraPOC/CameraPOC/vcpkg_installed/vcpkg/blds/libpng/src/v1.6.43-e957a32120.clean
-- Found external ninja('1.11.0').
-- Configuring x64-windows
-- Building x64-windows-dbg
-- Building x64-windows-rel
-- Installing: C:/Users/Ian/source/repos/CameraPOC/CameraPOC/vcpkg_installed/vcpkg/pkgs/libpng_x64-windows/share/png/vcpkg-cmake-wrapper.cmake
-- Fixing pkgconfig file: C:/Users/Ian/source/repos/CameraPOC/CameraPOC/vcpkg_installed/vcpkg/pkgs/libpng_x64-windows/lib/pkgconfig/libpng16.pc
-- Using cached msys2-mingw-w64-x86_64-pkgconf-1~2.2.0-1-any.pkg.tar.zst.
-- Using cached msys2-msys2-runtime-3.4.10-4-x86_64.pkg.tar.zst.
-- Using msys root at C:/Users/Ian/AppData/Local/vcpkg/downloads/tools/msys2/d33df895d441a36d
-- Fixing pkgconfig file: C:/Users/Ian/source/repos/CameraPOC/CameraPOC/vcpkg_installed/vcpkg/pkgs/libpng_x64-windows/debug/lib/pkgconfig/libpng16.pc
-- Installing: C:/Users/Ian/source/repos/CameraPOC/CameraPOC/vcpkg_installed/vcpkg/pkgs/libpng_x64-windows/debug/lib/pkgconfig/libpng.pc
-- Installing: C:/Users/Ian/source/repos/CameraPOC/CameraPOC/vcpkg_installed/vcpkg/pkgs/libpng_x64-windows/lib/pkgconfig/libpng.pc
-- Installing: C:/Users/Ian/source/repos/CameraPOC/CameraPOC/vcpkg_installed/vcpkg/pkgs/libpng_x64-windows/share/libpng/usage
-- Installing: C:/Users/Ian/source/repos/CameraPOC/CameraPOC/vcpkg_installed/vcpkg/pkgs/libpng_x64-windows/share/libpng/copyright
-- Performing post-build validation
